<?xml version="1.0" encoding="UTF-8"?>
<testng-results ignored="0" total="1" passed="1" failed="0" skipped="0">
  <reporter-output>
    <line>
      <![CDATA[***db connection successful****]]>
    </line>
    <line>
      <![CDATA[*****dbclosed***]]>
    </line>
  </reporter-output>
  <suite started-at="2022-09-30T09:39:08 IST" name="Default suite" finished-at="2022-09-30T09:39:10 IST" duration-ms="1733">
    <groups>
    </groups>
    <test started-at="2022-09-30T09:39:08 IST" name="Default test" finished-at="2022-09-30T09:39:10 IST" duration-ms="1733">
      <class name="End2EndScenario.CreateProjectAndVerifyInDB">
        <test-method is-config="true" signature="bsconfig()[pri:0, instance:End2EndScenario.CreateProjectAndVerifyInDB@49c7b90e]" started-at="2022-09-30T09:39:07 IST" name="bsconfig" finished-at="2022-09-30T09:39:08 IST" duration-ms="810" status="PASS">
          <reporter-output>
            <line>
              <![CDATA[***db connection successful****]]>
            </line>
          </reporter-output>
        </test-method> <!-- bsconfig -->
        <test-method signature="createProject()[pri:0, instance:End2EndScenario.CreateProjectAndVerifyInDB@49c7b90e]" started-at="2022-09-30T09:39:08 IST" name="createProject" finished-at="2022-09-30T09:39:10 IST" duration-ms="1707" status="PASS">
          <reporter-output>
          </reporter-output>
        </test-method> <!-- createProject -->
        <test-method is-config="true" signature="asConfig()[pri:0, instance:End2EndScenario.CreateProjectAndVerifyInDB@49c7b90e]" started-at="2022-09-30T09:39:10 IST" name="asConfig" finished-at="2022-09-30T09:39:10 IST" duration-ms="7" status="PASS">
          <reporter-output>
            <line>
              <![CDATA[*****dbclosed***]]>
            </line>
          </reporter-output>
        </test-method> <!-- asConfig -->
      </class> <!-- End2EndScenario.CreateProjectAndVerifyInDB -->
    </test> <!-- Default test -->
  </suite> <!-- Default suite -->
</testng-results>
